<?xml version="1.0" encoding="UTF-8"?>
<!-- Generated by org.testng.reporters.JUnitReportReporter -->
<testsuite hostname="DVCINH6097676" failures="0" tests="1" name="tests.JsonSchemaValidator" time="3.686" errors="0" timestamp="2023-12-17T23:14:08 IST" skipped="0">
  <testcase classname="tests.JsonSchemaValidator" name="testGet" time="3.686"/>
</testsuite> <!-- tests.JsonSchemaValidator -->
