<?xml version="1.0" encoding="UTF-8"?>
<!-- Generated by org.testng.reporters.JUnitReportReporter -->
<testsuite hostname="DVCINH6097676" failures="0" tests="1" name="tests.SoapXmlRequest" time="5.253" errors="0" timestamp="2023-12-18T01:11:49 IST" skipped="0">
  <testcase classname="tests.SoapXmlRequest" name="validateSoapXml" time="5.253"/>
</testsuite> <!-- tests.SoapXmlRequest -->
