<?xml version="1.0" encoding="UTF-8"?>
<!-- Generated by org.testng.reporters.JUnitReportReporter -->
<testsuite hostname="DVCINH6097676" failures="0" tests="1" name="tests.TestsOnLocalAPI" time="2.996" errors="0" timestamp="2023-12-17T22:47:17 IST" skipped="0">
  <testcase classname="tests.TestsOnLocalAPI" name="post" time="2.996"/>
</testsuite> <!-- tests.TestsOnLocalAPI -->
