<?xml version="1.0" encoding="UTF-8"?>
<!-- Generated by org.testng.reporters.JUnitReportReporter -->
<testsuite hostname="DVCINH6097676" failures="0" tests="2" name="tests.TestOne" time="4.938" errors="0" timestamp="2023-12-16T16:01:41 IST" skipped="0">
  <testcase classname="tests.TestOne" name="test_2" time="1.699"/>
  <testcase classname="tests.TestOne" name="test_1" time="3.239"/>
</testsuite> <!-- tests.TestOne -->
