<?xml version="1.0" encoding="UTF-8"?>
<!-- Generated by org.testng.reporters.JUnitReportReporter -->
<testsuite hostname="DVCINH6097676" failures="0" tests="2" name="tests.GetAndPostRequest" time="7.346" errors="0" timestamp="2023-12-17T14:17:59 IST" skipped="0">
  <testcase classname="tests.GetAndPostRequest" name="testPost" time="0.697"/>
  <testcase classname="tests.GetAndPostRequest" name="testGet" time="6.649"/>
</testsuite> <!-- tests.GetAndPostRequest -->
