<?xml version="1.0" encoding="UTF-8"?>
<!-- Generated by org.testng.reporters.JUnitReportReporter -->
<testsuite hostname="DVCINH6097676" failures="0" tests="3" name="tests.PutPatchDeleteRequest" time="9.354" errors="0" timestamp="2023-12-17T14:24:17 IST" skipped="0">
  <testcase classname="tests.PutPatchDeleteRequest" name="testPut" time="0.653"/>
  <testcase classname="tests.PutPatchDeleteRequest" name="testPatch" time="0.833"/>
  <testcase classname="tests.PutPatchDeleteRequest" name="testDelete" time="7.868"/>
</testsuite> <!-- tests.PutPatchDeleteRequest -->
